<?xml version="1.0" encoding="UTF-8"?>
<!-- Generated by org.testng.reporters.JUnitXMLReporter -->
<testsuite ignored="7" hostname="DESKTOP-T5J9HRI" failures="0" tests="1" name="Default test" time="3.389" errors="0" timestamp="2023-11-30T21:33:21 CST">
  <testcase classname="com.test.webservice.scripts.GitHubApi" name="Getsinglerepository" time="2.861"/>
  <testcase classname="com.test.webservice.scripts.GitHubApi" name="UpdateRepo" time="0.0">
    <ignored/>
  </testcase> <!-- UpdateRepo -->
  <testcase classname="com.test.webservice.scripts.GitHubApi" name="CreateRepositorywithExistingName" time="0.0">
    <ignored/>
  </testcase> <!-- CreateRepositorywithExistingName -->
  <testcase classname="com.test.webservice.scripts.GitHubApi" name="GetsinglerepositorySchema" time="0.0">
    <ignored/>
  </testcase> <!-- GetsinglerepositorySchema -->
  <testcase classname="com.test.webservice.scripts.GitHubApi" name="GetAllRepositories" time="0.0">
    <ignored/>
  </testcase> <!-- GetAllRepositories -->
  <testcase classname="com.test.webservice.scripts.GitHubApi" name="GetsinglerepositorywithNonExistingRepoName" time="0.0">
    <ignored/>
  </testcase> <!-- GetsinglerepositorywithNonExistingRepoName -->
  <testcase classname="com.test.webservice.scripts.GitHubApi" name="CreateRepository" time="0.0">
    <ignored/>
  </testcase> <!-- CreateRepository -->
  <testcase classname="com.test.webservice.scripts.GitHubApi" name="DeleteRepo" time="0.0">
    <ignored/>
  </testcase> <!-- DeleteRepo -->
</testsuite> <!-- Default test -->
