<?xml version="1.0" encoding="UTF-8"?>
<testng-results ignored="7" total="8" passed="1" failed="0" skipped="0">
  <reporter-output>
  </reporter-output>
  <suite started-at="2023-11-30T21:33:18 CST" name="Default suite" finished-at="2023-11-30T21:33:21 CST" duration-ms="3389">
    <groups>
    </groups>
    <test started-at="2023-11-30T21:33:18 CST" name="Default test" finished-at="2023-11-30T21:33:21 CST" duration-ms="3389">
      <class name="com.test.webservice.scripts.GitHubApi">
        <test-method is-config="true" signature="init()[pri:0, instance:com.test.webservice.scripts.GitHubApi@2b662a77]" started-at="2023-11-30T21:33:18 CST" name="init" finished-at="2023-11-30T21:33:19 CST" duration-ms="489" status="PASS">
          <reporter-output>
          </reporter-output>
        </test-method> <!-- init -->
        <test-method signature="Getsinglerepository()[pri:0, instance:com.test.webservice.scripts.GitHubApi@2b662a77]" started-at="2023-11-30T21:33:19 CST" name="Getsinglerepository" finished-at="2023-11-30T21:33:21 CST" duration-ms="2861" status="PASS">
          <reporter-output>
          </reporter-output>
        </test-method> <!-- Getsinglerepository -->
      </class> <!-- com.test.webservice.scripts.GitHubApi -->
    </test> <!-- Default test -->
  </suite> <!-- Default suite -->
</testng-results>
